2019-07-04T11:09:03.375557Z 0 [Warning] TIMESTAMP with implicit DEFAULT value is deprecated. Please use --explicit_defaults_for_timestamp server option (see documentation for more details).
2019-07-04T11:09:03.859038Z 0 [Note] /usr/sbin/mysqld (mysqld 5.7.23) starting as process 22 ...
2019-07-04T11:09:06.207614Z 0 [Note] InnoDB: PUNCH HOLE support available
2019-07-04T11:09:06.208404Z 0 [Note] InnoDB: Mutexes and rw_locks use GCC atomic builtins
2019-07-04T11:09:06.209053Z 0 [Note] InnoDB: Uses event mutexes
2019-07-04T11:09:06.209619Z 0 [Note] InnoDB: GCC builtin __atomic_thread_fence() is used for memory barrier
2019-07-04T11:09:06.210516Z 0 [Note] InnoDB: Compressed tables use zlib 1.2.3
2019-07-04T11:09:06.211361Z 0 [Note] InnoDB: Using Linux native AIO
2019-07-04T11:09:06.323146Z 0 [Note] InnoDB: Number of pools: 1
2019-07-04T11:09:06.524516Z 0 [Note] InnoDB: Using CPU crc32 instructions
2019-07-04T11:09:06.704908Z 0 [Note] InnoDB: Initializing buffer pool, total size = 32M, instances = 1, chunk size = 32M
2019-07-04T11:09:06.910887Z 0 [Note] InnoDB: Completed initialization of buffer pool
2019-07-04T11:09:06.921496Z 0 [Note] InnoDB: If the mysqld execution user is authorized, page cleaner thread priority can be changed. See the man page of setpriority().
2019-07-04T11:09:07.749694Z 0 [Note] InnoDB: Highest supported file format is Barracuda.
2019-07-04T11:09:08.445312Z 0 [Note] InnoDB: Log scan progressed past the checkpoint lsn 2588963
2019-07-04T11:09:08.445716Z 0 [Note] InnoDB: Doing recovery: scanned up to log sequence number 2591784
2019-07-04T11:09:09.132898Z 0 [Note] InnoDB: Database was not shutdown normally!
2019-07-04T11:09:09.133255Z 0 [Note] InnoDB: Starting crash recovery.
2019-07-04T11:09:25.201564Z 0 [Note] InnoDB: Starting an apply batch of log records to the database...
InnoDB: Progress in percent: 27 28 29 30 31 32 33 34 35 36 37 38 39 40 41 42 43 44 45 46 47 48 49 50 51 52 53 54 55 56 57 58 59 60 61 62 63 64 65 66 67 68 69 70 71 72 73 74 75 76 77 78 79 80 81 82 83 84 85 86 87 88 89 90 91 92 93 94 95 96 97 98 99 
2019-07-04T11:09:25.324748Z 0 [Note] InnoDB: Apply batch completed
2019-07-04T11:09:26.617055Z 0 [Note] InnoDB: Removed temporary tablespace data file: "ibtmp1"
2019-07-04T11:09:26.617383Z 0 [Note] InnoDB: Creating shared tablespace for temporary tables
2019-07-04T11:09:26.617723Z 0 [Note] InnoDB: Setting file './ibtmp1' size to 12 MB. Physically writing the file full; Please wait ...
2019-07-04T11:09:27.519916Z 0 [Note] InnoDB: File './ibtmp1' size is now 12 MB.
2019-07-04T11:09:27.602906Z 0 [Note] InnoDB: 96 redo rollback segment(s) found. 96 redo rollback segment(s) are active.
2019-07-04T11:09:27.603215Z 0 [Note] InnoDB: 32 non-redo rollback segment(s) are active.
2019-07-04T11:09:27.608939Z 0 [Note] InnoDB: Waiting for purge to start
2019-07-04T11:09:27.664267Z 0 [Note] InnoDB: 5.7.23 started; log sequence number 2591784
2019-07-04T11:09:27.668737Z 0 [Note] InnoDB: page_cleaner: 1000ms intended loop took 20747ms. The settings might not be optimal. (flushed=0 and evicted=0, during the time.)
2019-07-04T11:09:27.737726Z 0 [Note] InnoDB: Loading buffer pool(s) from /var/lib/mysql/ib_buffer_pool
2019-07-04T11:09:27.946242Z 0 [Note] Plugin 'FEDERATED' is disabled.
2019-07-04T11:09:28.324767Z 0 [Note] InnoDB: Buffer pool(s) load completed at 190704 11:09:28
2019-07-04T11:09:28.482049Z 0 [Warning] Failed to set up SSL because of the following SSL library error: SSL context is not usable without certificate and private key
2019-07-04T11:09:28.482774Z 0 [Note] Server hostname (bind-address): '*'; port: 3306
2019-07-04T11:09:28.543526Z 0 [Note] IPv6 is available.
2019-07-04T11:09:28.558120Z 0 [Note]   - '::' resolves to '::';
2019-07-04T11:09:28.583531Z 0 [Note] Server socket created on IP: '::'.
2019-07-04T11:09:28.759217Z 0 [Warning] Insecure configuration for --pid-file: Location '/var/run/mysqld' in the path is accessible to all OS users. Consider choosing a different directory.
2019-07-04T11:09:29.523675Z 0 [ERROR] /usr/sbin/mysqld: Table './mysql/user' is marked as crashed and should be repaired
2019-07-04T11:09:29.533426Z 0 [Warning] Checking table:   './mysql/user'
2019-07-04T11:09:29.533790Z 0 [ERROR] 1 client is using or hasn't closed the table properly
2019-07-04T11:09:29.665692Z 0 [Warning] 'user' entry 'root@localhost' ignored in --skip-name-resolve mode.
2019-07-04T11:09:29.666695Z 0 [Warning] 'user' entry 'mysql.session@localhost' ignored in --skip-name-resolve mode.
2019-07-04T11:09:29.667251Z 0 [Warning] 'user' entry 'mysql.sys@localhost' ignored in --skip-name-resolve mode.
2019-07-04T11:09:29.781260Z 0 [Warning] 'db' entry 'performance_schema mysql.session@localhost' ignored in --skip-name-resolve mode.
2019-07-04T11:09:29.782485Z 0 [Warning] 'db' entry 'sys mysql.sys@localhost' ignored in --skip-name-resolve mode.
2019-07-04T11:09:29.900228Z 0 [Warning] 'proxies_priv' entry '@ root@localhost' ignored in --skip-name-resolve mode.
2019-07-04T11:09:30.388580Z 0 [Warning] 'tables_priv' entry 'user mysql.session@localhost' ignored in --skip-name-resolve mode.
2019-07-04T11:09:30.388980Z 0 [Warning] 'tables_priv' entry 'sys_config mysql.sys@localhost' ignored in --skip-name-resolve mode.
2019-07-04T11:09:31.999808Z 0 [Note] Event Scheduler: Loaded 0 events
2019-07-04T11:09:32.003917Z 0 [Note] /usr/sbin/mysqld: ready for connections.
Version: '5.7.23'  socket: '/var/run/mysqld/mysqld.sock'  port: 3306  MySQL Community Server (GPL)
2019-07-04T11:11:02.675336Z 4 [ERROR] /usr/sbin/mysqld: Table './mysql/proc' is marked as crashed and should be repaired
2019-07-04T11:11:02.677225Z 4 [Warning] Checking table:   './mysql/proc'
2019-07-04T11:11:02.809819Z 6 [Warning] 'user' entry 'root@localhost' ignored in --skip-name-resolve mode.
2019-07-04T11:11:02.810512Z 6 [Warning] 'user' entry 'mysql.session@localhost' ignored in --skip-name-resolve mode.
2019-07-04T11:11:02.810792Z 6 [Warning] 'user' entry 'mysql.sys@localhost' ignored in --skip-name-resolve mode.
2019-07-04T11:11:02.811098Z 6 [Warning] 'db' entry 'performance_schema mysql.session@localhost' ignored in --skip-name-resolve mode.
2019-07-04T11:11:02.811459Z 6 [Warning] 'db' entry 'sys mysql.sys@localhost' ignored in --skip-name-resolve mode.
2019-07-04T11:11:02.811698Z 6 [Warning] 'proxies_priv' entry '@ root@localhost' ignored in --skip-name-resolve mode.
2019-07-04T11:11:02.813021Z 6 [Warning] 'tables_priv' entry 'user mysql.session@localhost' ignored in --skip-name-resolve mode.
2019-07-04T11:11:02.814491Z 6 [Warning] 'tables_priv' entry 'sys_config mysql.sys@localhost' ignored in --skip-name-resolve mode.
2019-07-04T15:32:08.085861Z 0 [Note] InnoDB: page_cleaner: 1000ms intended loop took 5127580ms. The settings might not be optimal. (flushed=0 and evicted=0, during the time.)
2019-07-04T16:03:55.886618Z 0 [Note] InnoDB: page_cleaner: 1000ms intended loop took 1888628ms. The settings might not be optimal. (flushed=0 and evicted=0, during the time.)
2019-07-04T18:23:10.647206Z 0 [Note] InnoDB: page_cleaner: 1000ms intended loop took 6931014ms. The settings might not be optimal. (flushed=0 and evicted=0, during the time.)
2019-07-04T19:15:50.515762Z 0 [Note] Giving 0 client threads a chance to die gracefully
2019-07-04T19:15:50.517934Z 0 [Note] Shutting down slave threads
2019-07-04T19:15:50.518224Z 0 [Note] Forcefully disconnecting 0 remaining clients
2019-07-04T19:15:50.518452Z 0 [Note] Event Scheduler: Purging the queue. 0 events
2019-07-04T19:15:50.571633Z 0 [Note] Binlog end
2019-07-04T19:15:50.688413Z 0 [Note] Shutting down plugin 'ngram'
2019-07-04T19:15:50.688800Z 0 [Note] Shutting down plugin 'partition'
2019-07-04T19:15:50.689229Z 0 [Note] Shutting down plugin 'BLACKHOLE'
2019-07-04T19:15:50.690965Z 0 [Note] Shutting down plugin 'ARCHIVE'
2019-07-04T19:15:50.691292Z 0 [Note] Shutting down plugin 'PERFORMANCE_SCHEMA'
2019-07-04T19:15:50.694491Z 0 [Note] Shutting down plugin 'MRG_MYISAM'
2019-07-04T19:15:50.694816Z 0 [Note] Shutting down plugin 'MyISAM'
2019-07-04T19:15:50.695495Z 0 [Note] Shutting down plugin 'INNODB_SYS_VIRTUAL'
2019-07-04T19:15:50.695831Z 0 [Note] Shutting down plugin 'INNODB_SYS_DATAFILES'
2019-07-04T19:15:50.696045Z 0 [Note] Shutting down plugin 'INNODB_SYS_TABLESPACES'
2019-07-04T19:15:50.696448Z 0 [Note] Shutting down plugin 'INNODB_SYS_FOREIGN_COLS'
2019-07-04T19:15:50.696749Z 0 [Note] Shutting down plugin 'INNODB_SYS_FOREIGN'
2019-07-04T19:15:50.697015Z 0 [Note] Shutting down plugin 'INNODB_SYS_FIELDS'
2019-07-04T19:15:50.698205Z 0 [Note] Shutting down plugin 'INNODB_SYS_COLUMNS'
2019-07-04T19:15:50.698506Z 0 [Note] Shutting down plugin 'INNODB_SYS_INDEXES'
2019-07-04T19:15:50.699749Z 0 [Note] Shutting down plugin 'INNODB_SYS_TABLESTATS'
2019-07-04T19:15:50.700019Z 0 [Note] Shutting down plugin 'INNODB_SYS_TABLES'
2019-07-04T19:15:50.701145Z 0 [Note] Shutting down plugin 'INNODB_FT_INDEX_TABLE'
2019-07-04T19:15:50.701683Z 0 [Note] Shutting down plugin 'INNODB_FT_INDEX_CACHE'
2019-07-04T19:15:50.701976Z 0 [Note] Shutting down plugin 'INNODB_FT_CONFIG'
2019-07-04T19:15:50.702248Z 0 [Note] Shutting down plugin 'INNODB_FT_BEING_DELETED'
2019-07-04T19:15:50.702526Z 0 [Note] Shutting down plugin 'INNODB_FT_DELETED'
2019-07-04T19:15:50.702859Z 0 [Note] Shutting down plugin 'INNODB_FT_DEFAULT_STOPWORD'
2019-07-04T19:15:50.704946Z 0 [Note] Shutting down plugin 'INNODB_METRICS'
2019-07-04T19:15:50.706472Z 0 [Note] Shutting down plugin 'INNODB_TEMP_TABLE_INFO'
2019-07-04T19:15:50.706871Z 0 [Note] Shutting down plugin 'INNODB_BUFFER_POOL_STATS'
2019-07-04T19:15:50.770820Z 0 [Note] Shutting down plugin 'INNODB_BUFFER_PAGE_LRU'
2019-07-04T19:15:50.771139Z 0 [Note] Shutting down plugin 'INNODB_BUFFER_PAGE'
2019-07-04T19:15:50.771340Z 0 [Note] Shutting down plugin 'INNODB_CMP_PER_INDEX_RESET'
2019-07-04T19:15:50.771514Z 0 [Note] Shutting down plugin 'INNODB_CMP_PER_INDEX'
2019-07-04T19:15:50.772047Z 0 [Note] Shutting down plugin 'INNODB_CMPMEM_RESET'
2019-07-04T19:15:50.772264Z 0 [Note] Shutting down plugin 'INNODB_CMPMEM'
2019-07-04T19:15:50.772422Z 0 [Note] Shutting down plugin 'INNODB_CMP_RESET'
2019-07-04T19:15:50.772573Z 0 [Note] Shutting down plugin 'INNODB_CMP'
2019-07-04T19:15:50.773196Z 0 [Note] Shutting down plugin 'INNODB_LOCK_WAITS'
2019-07-04T19:15:50.777173Z 0 [Note] Shutting down plugin 'INNODB_LOCKS'
2019-07-04T19:15:50.782391Z 0 [Note] Shutting down plugin 'INNODB_TRX'
2019-07-04T19:15:50.784129Z 0 [Note] Shutting down plugin 'InnoDB'
2019-07-04T19:15:50.806394Z 0 [Note] InnoDB: FTS optimize thread exiting.
2019-07-04T19:15:50.812333Z 0 [Note] InnoDB: Starting shutdown...
2019-07-04T19:15:50.919650Z 0 [Note] InnoDB: Dumping buffer pool(s) to /var/lib/mysql/ib_buffer_pool
2019-07-04T19:15:51.039630Z 0 [Note] InnoDB: Buffer pool(s) dump completed at 190704 19:15:51
2019-07-04T19:15:52.949987Z 0 [Note] InnoDB: Shutdown completed; log sequence number 4008319
2019-07-04T19:15:52.955087Z 0 [Note] InnoDB: Removed temporary tablespace data file: "ibtmp1"
2019-07-04T19:15:52.955449Z 0 [Note] Shutting down plugin 'MEMORY'
2019-07-04T19:15:52.955650Z 0 [Note] Shutting down plugin 'CSV'
2019-07-04T19:15:52.955820Z 0 [Note] Shutting down plugin 'sha256_password'
2019-07-04T19:15:52.955974Z 0 [Note] Shutting down plugin 'mysql_native_password'
2019-07-04T19:15:52.956361Z 0 [Note] Shutting down plugin 'binlog'
2019-07-04T19:15:52.959033Z 0 [Note] /usr/sbin/mysqld: Shutdown complete

